GENERADOR: La semeilla es= 741258963
ASCENSOR: valores de parametros: vc= 1.00; altPiso= 2.00
ASCENSOR: valores de parametros: vc= 1.00; altPiso= 2.00
Simulation Initialized
t= 0.00	GENERADOR: Va un pedido= 10
(-- dext DISTRIBUIDOR 		t= 0.00	DISTRIBUIDOR: recibi un pedido= 10	 --)
(-- lambda DISTRIBUIDOR 		t= 0.00	DISTRIBUIDOR: envio un 10 al ascensor 0	 --)
(-- dext TABLERO 			t= 0.00	TABLERO: recibi un pedido= 10	 --) 
(-- lambda TABLERO 			t= 0.00	TABLERO: mando un pedido al controlador= 10	 --) 
(-- dext CONTROLADOR 		t= 0.00	CONTROLADOR: el tablero mando un= 10 	 --) 
(-- dint TABLERO 			 --) 
(-- lambda CONTROLADOR 		t= 0.00	CONTROLADOR: mando al ascensor= 0	 --) 
(-- dext ASCENSOR 			t= 0.00	ASCENSOR: me llego una orden= 0
t= 0.00	ASCENSOR: estado: est= 0, h= 0.00, sigma= 2.00 	 --) 
(-- dint CONTROLADOR 		t= 0.00	CONTROLADOR: envie un 0 al ascensor 	 --)
(-- lambda CONTROLADOR 		t= 0.00	CONTROLADOR: mando al tablero= 4	 --) 
(-- dext TABLERO 			t= 0.00	TABLERO: el controlador me mando un= 4	 --) 
(-- dint CONTROLADOR 		t= 0.00	CONTROLADOR: envie un 4 al tablero 	 --)
(-- lambda ASCENSOR 		t= 2.00	ASCENSOR: llegue al piso= 2, h: 0.00, est= 0 	 --) 
(-- dext CONTROLADOR 		t= 2.00	CONTROLADOR: el asensor mando un= 2 	 --) 
(-- dint ASCENSOR 			t= 2.00	ASCENSOR: voy a seguir subiendo,h= 2.00, sigma= 2.00 	 --) 
(-- lambda ASCENSOR 		t= 4.00	ASCENSOR: llegue al piso= 3, h: 2.00, est= 0 	 --) 
(-- dext CONTROLADOR 		t= 4.00	CONTROLADOR: el asensor mando un= 3 	 --) 
(-- dint ASCENSOR 			t= 4.00	ASCENSOR: voy a seguir subiendo,h= 4.00, sigma= 2.00 	 --) 
t= 5.69	GENERADOR: Va un pedido= 8
(-- dext DISTRIBUIDOR 		t= 5.69	DISTRIBUIDOR: recibi un pedido= 8	 --)
(-- lambda DISTRIBUIDOR 		t= 5.69	DISTRIBUIDOR: envio un 8 al ascensor 1	 --)
(-- dext TABLERO 			t= 5.69	TABLERO: recibi un pedido= 8	 --) 
(-- lambda TABLERO 			t= 5.69	TABLERO: mando un pedido al controlador= 8	 --) 
(-- dext CONTROLADOR 		t= 5.69	CONTROLADOR: el tablero mando un= 8 	 --) 
(-- dint TABLERO 			 --) 
(-- lambda CONTROLADOR 		t= 5.69	CONTROLADOR: mando al ascensor= 0	 --) 
(-- dext ASCENSOR 			t= 5.69	ASCENSOR: me llego una orden= 0
t= 5.69	ASCENSOR: estado: est= 0, h= 0.00, sigma= 2.00 	 --) 
(-- dint CONTROLADOR 		t= 5.69	CONTROLADOR: envie un 0 al ascensor 	 --)
(-- lambda CONTROLADOR 		t= 5.69	CONTROLADOR: mando al tablero= 4	 --) 
(-- dext TABLERO 			t= 5.69	TABLERO: el controlador me mando un= 4	 --) 
(-- dint CONTROLADOR 		t= 5.69	CONTROLADOR: envie un 4 al tablero 	 --)
(-- lambda ASCENSOR 		t= 6.00	ASCENSOR: llegue al piso= 4, h: 4.00, est= 0 	 --) 
(-- dext CONTROLADOR 		t= 6.00	CONTROLADOR: el asensor mando un= 4 	 --) 
(-- dint ASCENSOR 			t= 6.00	ASCENSOR: voy a seguir subiendo,h= 6.00, sigma= 2.00 	 --) 
t= 6.62	GENERADOR: Va un pedido= 5
(-- dext DISTRIBUIDOR 		t= 6.62	DISTRIBUIDOR: recibi un pedido= 5	 --)
(-- lambda DISTRIBUIDOR 		t= 6.62	DISTRIBUIDOR: envio un 5 al ascensor 0	 --)
(-- dext TABLERO 			t= 6.62	TABLERO: recibi un pedido= 5	 --) 
(-- lambda ASCENSOR 		t= 7.69	ASCENSOR: llegue al piso= 2, h: 0.00, est= 0 	 --) 
(-- dext CONTROLADOR 		t= 7.69	CONTROLADOR: el asensor mando un= 2 	 --) 
(-- dint ASCENSOR 			t= 7.69	ASCENSOR: voy a seguir subiendo,h= 2.00, sigma= 2.00 	 --) 
(-- lambda ASCENSOR 		t= 8.00	ASCENSOR: llegue al piso= 5, h: 6.00, est= 0 	 --) 
(-- dext CONTROLADOR 		t= 8.00	CONTROLADOR: el asensor mando un= 5 	 --) 
(-- dint ASCENSOR 			t= 8.00	ASCENSOR: voy a seguir subiendo,h= 8.00, sigma= 2.00 	 --) 
t= 8.32	GENERADOR: Va un pedido= 7
(-- dext DISTRIBUIDOR 		t= 8.32	DISTRIBUIDOR: recibi un pedido= 7	 --)
(-- lambda DISTRIBUIDOR 		t= 8.32	DISTRIBUIDOR: envio un 7 al ascensor 1	 --)
(-- dext TABLERO 			t= 8.32	TABLERO: recibi un pedido= 7	 --) 
(-- lambda ASCENSOR 		t= 9.69	ASCENSOR: llegue al piso= 3, h: 2.00, est= 0 	 --) 
(-- dext CONTROLADOR 		t= 9.69	CONTROLADOR: el asensor mando un= 3 	 --) 
(-- dint ASCENSOR 			t= 9.69	ASCENSOR: voy a seguir subiendo,h= 4.00, sigma= 2.00 	 --) 
(-- lambda ASCENSOR 		t= 10.00	ASCENSOR: llegue al piso= 6, h: 8.00, est= 0 	 --) 
(-- dext CONTROLADOR 		t= 10.00	CONTROLADOR: el asensor mando un= 6 	 --) 
(-- dint ASCENSOR 			t= 10.00	ASCENSOR: voy a seguir subiendo,h= 10.00, sigma= 2.00 	 --) 
t= 11.14	GENERADOR: Va un pedido= 3
(-- dext DISTRIBUIDOR 		t= 11.14	DISTRIBUIDOR: recibi un pedido= 3	 --)
(-- lambda DISTRIBUIDOR 		t= 11.14	DISTRIBUIDOR: envio un 3 al ascensor 0	 --)
(-- dext TABLERO 			t= 11.14	TABLERO: recibi un pedido= 3	 --) 
(-- lambda ASCENSOR 		t= 11.69	ASCENSOR: llegue al piso= 4, h: 4.00, est= 0 	 --) 
(-- dext CONTROLADOR 		t= 11.69	CONTROLADOR: el asensor mando un= 4 	 --) 
(-- dint ASCENSOR 			t= 11.69	ASCENSOR: voy a seguir subiendo,h= 6.00, sigma= 2.00 	 --) 
(-- lambda ASCENSOR 		t= 12.00	ASCENSOR: llegue al piso= 7, h: 10.00, est= 0 	 --) 
(-- dext CONTROLADOR 		t= 12.00	CONTROLADOR: el asensor mando un= 7 	 --) 
(-- dint ASCENSOR 			t= 12.00	ASCENSOR: voy a seguir subiendo,h= 12.00, sigma= 2.00 	 --) 
(-- lambda ASCENSOR 		t= 13.69	ASCENSOR: llegue al piso= 5, h: 6.00, est= 0 	 --) 
(-- dext CONTROLADOR 		t= 13.69	CONTROLADOR: el asensor mando un= 5 	 --) 
(-- dint ASCENSOR 			t= 13.69	ASCENSOR: voy a seguir subiendo,h= 8.00, sigma= 2.00 	 --) 
(-- lambda ASCENSOR 		t= 14.00	ASCENSOR: llegue al piso= 8, h: 12.00, est= 0 	 --) 
(-- dext CONTROLADOR 		t= 14.00	CONTROLADOR: el asensor mando un= 8 	 --) 
(-- dint ASCENSOR 			t= 14.00	ASCENSOR: voy a seguir subiendo,h= 14.00, sigma= 2.00 	 --) 
(-- lambda ASCENSOR 		t= 15.69	ASCENSOR: llegue al piso= 6, h: 8.00, est= 0 	 --) 
(-- dext CONTROLADOR 		t= 15.69	CONTROLADOR: el asensor mando un= 6 	 --) 
(-- dint ASCENSOR 			t= 15.69	ASCENSOR: voy a seguir subiendo,h= 10.00, sigma= 2.00 	 --) 
(-- lambda ASCENSOR 		t= 16.00	ASCENSOR: llegue al piso= 9, h: 14.00, est= 0 	 --) 
(-- dext CONTROLADOR 		t= 16.00	CONTROLADOR: el asensor mando un= 9 	 --) 
(-- dint ASCENSOR 			t= 16.00	ASCENSOR: voy a seguir subiendo,h= 16.00, sigma= 2.00 	 --) 
(-- lambda ASCENSOR 		t= 17.69	ASCENSOR: llegue al piso= 7, h: 10.00, est= 0 	 --) 
(-- dext CONTROLADOR 		t= 17.69	CONTROLADOR: el asensor mando un= 7 	 --) 
(-- dint ASCENSOR 			t= 17.69	ASCENSOR: voy a seguir subiendo,h= 12.00, sigma= 2.00 	 --) 
(-- lambda ASCENSOR 		t= 18.00	ASCENSOR: llegue al piso= 10, h: 16.00, est= 0 	 --) 
(-- dext CONTROLADOR 		t= 18.00	CONTROLADOR: el asensor mando un= 10 - llego al destino 	 --) 
(-- dint ASCENSOR 			t= 18.00	ASCENSOR: voy a seguir subiendo,h= 18.00, sigma= 2.00 	 --) 
(-- lambda CONTROLADOR 		t= 18.00	CONTROLADOR: mando al ascensor= 2	 --) 
(-- dext ASCENSOR 			t= 18.00	ASCENSOR: me llego una orden= 2
t= 18.00	ASCENSOR: estado: est= 5, h= 18.00, sigma= 0.00 	 --) 
(-- dint CONTROLADOR 		t= 18.00	CONTROLADOR: envie un 2 al ascensor 	 --)
(-- lambda CONTROLADOR 		t= 18.00	CONTROLADOR: mando al tablero= 3	 --) 
(-- dext TABLERO 			t= 18.00	TABLERO: el controlador me mando un= 3. La cola es= [ 5 - 3 -  ]	 --) 
(-- dint CONTROLADOR 		t= 18.00	CONTROLADOR: envie un 3 al tablero 	 --)
(-- lambda ASCENSOR 			 --) 
(-- dext CONTROLADOR 		t= 18.00	CONTROLADOR: el asensor mando un= 10 	 --) 
(-- dint ASCENSOR 			t= 18.00	ASCENSOR: voy a descansar,h= 18.00, sigma= 100000000000000000000.00 	 --) 
(-- lambda TABLERO 			t= 18.00	TABLERO: mando un pedido al controlador= 5	 --) 
(-- dext CONTROLADOR 		t= 18.00	CONTROLADOR: el tablero mando un= 5 	 --) 
(-- dint TABLERO 			 --) 
(-- lambda CONTROLADOR 		t= 18.00	CONTROLADOR: mando al ascensor= 1	 --) 
(-- dext ASCENSOR 			t= 18.00	ASCENSOR: me llego una orden= 1
t= 18.00	ASCENSOR: estado: est= 1, h= 18.00, sigma= 2.00 	 --) 
(-- dint CONTROLADOR 		t= 18.00	CONTROLADOR: envie un 1 al ascensor 	 --)
(-- lambda CONTROLADOR 		t= 18.00	CONTROLADOR: mando al tablero= 4	 --) 
(-- dext TABLERO 			t= 18.00	TABLERO: el controlador me mando un= 4	 --) 
(-- dint CONTROLADOR 		t= 18.00	CONTROLADOR: envie un 4 al tablero 	 --)
(-- lambda ASCENSOR 		t= 19.69	ASCENSOR: llegue al piso= 8, h: 12.00, est= 0 	 --) 
(-- dext CONTROLADOR 		t= 19.69	CONTROLADOR: el asensor mando un= 8 - llego al destino 	 --) 
(-- dint ASCENSOR 			t= 19.69	ASCENSOR: voy a seguir subiendo,h= 14.00, sigma= 2.00 	 --) 
(-- lambda CONTROLADOR 		t= 19.69	CONTROLADOR: mando al ascensor= 2	 --) 
(-- dext ASCENSOR 			t= 19.69	ASCENSOR: me llego una orden= 2
t= 19.69	ASCENSOR: estado: est= 5, h= 14.00, sigma= 0.00 	 --) 
(-- dint CONTROLADOR 		t= 19.69	CONTROLADOR: envie un 2 al ascensor 	 --)
(-- lambda CONTROLADOR 		t= 19.69	CONTROLADOR: mando al tablero= 3	 --) 
(-- dext TABLERO 			t= 19.69	TABLERO: el controlador me mando un= 3. La cola es= [ 7 -  ]	 --) 
(-- dint CONTROLADOR 		t= 19.69	CONTROLADOR: envie un 3 al tablero 	 --)
(-- lambda ASCENSOR 			 --) 
(-- dext CONTROLADOR 		t= 19.69	CONTROLADOR: el asensor mando un= 8 	 --) 
(-- dint ASCENSOR 			t= 19.69	ASCENSOR: voy a descansar,h= 14.00, sigma= 100000000000000000000.00 	 --) 
(-- lambda TABLERO 			t= 19.69	TABLERO: mando un pedido al controlador= 7	 --) 
(-- dext CONTROLADOR 		t= 19.69	CONTROLADOR: el tablero mando un= 7 	 --) 
(-- dint TABLERO 			 --) 
(-- lambda CONTROLADOR 		t= 19.69	CONTROLADOR: mando al ascensor= 1	 --) 
(-- dext ASCENSOR 			t= 19.69	ASCENSOR: me llego una orden= 1
t= 19.69	ASCENSOR: estado: est= 1, h= 14.00, sigma= 2.00 	 --) 
(-- dint CONTROLADOR 		t= 19.69	CONTROLADOR: envie un 1 al ascensor 	 --)
(-- lambda CONTROLADOR 		t= 19.69	CONTROLADOR: mando al tablero= 4	 --) 
(-- dext TABLERO 			t= 19.69	TABLERO: el controlador me mando un= 4	 --) 
(-- dint CONTROLADOR 		t= 19.69	CONTROLADOR: envie un 4 al tablero 	 --)
(-- lambda ASCENSOR 		t= 20.00	ASCENSOR: llegue al piso= 9, h: 18.00, est= 1 	 --) 
(-- dext CONTROLADOR 		t= 20.00	CONTROLADOR: el asensor mando un= 9 	 --) 
(-- dint ASCENSOR 			t= 20.00	ASCENSOR: voy a seguir bajando,h= 16.00, sigma= 2.00 	 --) 
(-- lambda ASCENSOR 		t= 21.69	ASCENSOR: llegue al piso= 7, h: 14.00, est= 1 	 --) 
(-- dext CONTROLADOR 		t= 21.69	CONTROLADOR: el asensor mando un= 7 - llego al destino 	 --) 
(-- dint ASCENSOR 			t= 21.69	ASCENSOR: voy a seguir bajando,h= 12.00, sigma= 2.00 	 --) 
(-- lambda CONTROLADOR 		t= 21.69	CONTROLADOR: mando al ascensor= 2	 --) 
(-- dext ASCENSOR 			t= 21.69	ASCENSOR: me llego una orden= 2
t= 21.69	ASCENSOR: estado: est= 6, h= 12.00, sigma= 0.00 	 --) 
(-- dint CONTROLADOR 		t= 21.69	CONTROLADOR: envie un 2 al ascensor 	 --)
(-- lambda CONTROLADOR 		t= 21.69	CONTROLADOR: mando al tablero= 3	 --) 
(-- dext TABLERO 			t= 21.69	TABLERO: el controlador me mando un= 3. La cola esta vacia	 --) 
(-- dint CONTROLADOR 		t= 21.69	CONTROLADOR: envie un 3 al tablero 	 --)
(-- lambda ASCENSOR 			 --) 
(-- dext CONTROLADOR 		t= 21.69	CONTROLADOR: el asensor mando un= 7 	 --) 
(-- dint ASCENSOR 			t= 21.69	ASCENSOR: descansar,h= 12.00, sigma= 100000000000000000000.00 	 --) 
t= 21.82	GENERADOR: Va un pedido= 8
(-- dext DISTRIBUIDOR 		t= 21.82	DISTRIBUIDOR: recibi un pedido= 8	 --)
(-- lambda DISTRIBUIDOR 		t= 21.82	DISTRIBUIDOR: envio un 8 al ascensor 1	 --)
(-- dext TABLERO 			t= 21.82	TABLERO: recibi un pedido= 8	 --) 
(-- lambda TABLERO 			t= 21.82	TABLERO: mando un pedido al controlador= 8	 --) 
(-- dext CONTROLADOR 		t= 21.82	CONTROLADOR: el tablero mando un= 8 	 --) 
(-- dint TABLERO 			 --) 
(-- lambda CONTROLADOR 		t= 21.82	CONTROLADOR: mando al ascensor= 0	 --) 
(-- dext ASCENSOR 			t= 21.82	ASCENSOR: me llego una orden= 0
t= 21.82	ASCENSOR: estado: est= 0, h= 12.00, sigma= 2.00 	 --) 
(-- dint CONTROLADOR 		t= 21.82	CONTROLADOR: envie un 0 al ascensor 	 --)
(-- lambda CONTROLADOR 		t= 21.82	CONTROLADOR: mando al tablero= 4	 --) 
(-- dext TABLERO 			t= 21.82	TABLERO: el controlador me mando un= 4	 --) 
(-- dint CONTROLADOR 		t= 21.82	CONTROLADOR: envie un 4 al tablero 	 --)
(-- lambda ASCENSOR 		t= 22.00	ASCENSOR: llegue al piso= 8, h: 16.00, est= 1 	 --) 
(-- dext CONTROLADOR 		t= 22.00	CONTROLADOR: el asensor mando un= 8 	 --) 
(-- dint ASCENSOR 			t= 22.00	ASCENSOR: voy a seguir bajando,h= 14.00, sigma= 2.00 	 --) 
(-- lambda ASCENSOR 		t= 23.82	ASCENSOR: llegue al piso= 8, h: 12.00, est= 0 	 --) 
(-- dext CONTROLADOR 		t= 23.82	CONTROLADOR: el asensor mando un= 8 - llego al destino 	 --) 
(-- dint ASCENSOR 			t= 23.82	ASCENSOR: voy a seguir subiendo,h= 14.00, sigma= 2.00 	 --) 
(-- lambda CONTROLADOR 		t= 23.82	CONTROLADOR: mando al ascensor= 2	 --) 
(-- dext ASCENSOR 			t= 23.82	ASCENSOR: me llego una orden= 2
t= 23.82	ASCENSOR: estado: est= 5, h= 14.00, sigma= 0.00 	 --) 
(-- dint CONTROLADOR 		t= 23.82	CONTROLADOR: envie un 2 al ascensor 	 --)
(-- lambda CONTROLADOR 		t= 23.82	CONTROLADOR: mando al tablero= 3	 --) 
(-- dext TABLERO 			t= 23.82	TABLERO: el controlador me mando un= 3. La cola esta vacia	 --) 
(-- dint CONTROLADOR 		t= 23.82	CONTROLADOR: envie un 3 al tablero 	 --)
(-- lambda ASCENSOR 			 --) 
(-- dext CONTROLADOR 		t= 23.82	CONTROLADOR: el asensor mando un= 8 	 --) 
(-- dint ASCENSOR 			t= 23.82	ASCENSOR: voy a descansar,h= 14.00, sigma= 100000000000000000000.00 	 --) 
(-- lambda ASCENSOR 		t= 24.00	ASCENSOR: llegue al piso= 7, h: 14.00, est= 1 	 --) 
(-- dext CONTROLADOR 		t= 24.00	CONTROLADOR: el asensor mando un= 7 	 --) 
(-- dint ASCENSOR 			t= 24.00	ASCENSOR: voy a seguir bajando,h= 12.00, sigma= 2.00 	 --) 
t= 25.56	GENERADOR: Va un pedido= 4
(-- dext DISTRIBUIDOR 		t= 25.56	DISTRIBUIDOR: recibi un pedido= 4	 --)
(-- lambda DISTRIBUIDOR 		t= 25.56	DISTRIBUIDOR: envio un 4 al ascensor 0	 --)
(-- dext TABLERO 			t= 25.56	TABLERO: recibi un pedido= 4	 --) 
(-- lambda ASCENSOR 		t= 26.00	ASCENSOR: llegue al piso= 6, h: 12.00, est= 1 	 --) 
(-- dext CONTROLADOR 		t= 26.00	CONTROLADOR: el asensor mando un= 6 	 --) 
(-- dint ASCENSOR 			t= 26.00	ASCENSOR: voy a seguir bajando,h= 10.00, sigma= 2.00 	 --) 
(-- lambda ASCENSOR 		t= 28.00	ASCENSOR: llegue al piso= 5, h: 10.00, est= 1 	 --) 
(-- dext CONTROLADOR 		t= 28.00	CONTROLADOR: el asensor mando un= 5 - llego al destino 	 --) 
(-- dint ASCENSOR 			t= 28.00	ASCENSOR: voy a seguir bajando,h= 8.00, sigma= 2.00 	 --) 
(-- lambda CONTROLADOR 		t= 28.00	CONTROLADOR: mando al ascensor= 2	 --) 
(-- dext ASCENSOR 			t= 28.00	ASCENSOR: me llego una orden= 2
t= 28.00	ASCENSOR: estado: est= 6, h= 8.00, sigma= 0.00 	 --) 
(-- dint CONTROLADOR 		t= 28.00	CONTROLADOR: envie un 2 al ascensor 	 --)
(-- lambda CONTROLADOR 		t= 28.00	CONTROLADOR: mando al tablero= 3	 --) 
(-- dext TABLERO 			t= 28.00	TABLERO: el controlador me mando un= 3. La cola es= [ 3 - 4 -  ]	 --) 
(-- dint CONTROLADOR 		t= 28.00	CONTROLADOR: envie un 3 al tablero 	 --)
(-- lambda ASCENSOR 			 --) 
(-- dext CONTROLADOR 		t= 28.00	CONTROLADOR: el asensor mando un= 5 	 --) 
(-- dint ASCENSOR 			t= 28.00	ASCENSOR: descansar,h= 8.00, sigma= 100000000000000000000.00 	 --) 
(-- lambda TABLERO 			t= 28.00	TABLERO: mando un pedido al controlador= 3	 --) 
(-- dext CONTROLADOR 		t= 28.00	CONTROLADOR: el tablero mando un= 3 	 --) 
(-- dint TABLERO 			 --) 
(-- lambda CONTROLADOR 		t= 28.00	CONTROLADOR: mando al ascensor= 1	 --) 
(-- dext ASCENSOR 			t= 28.00	ASCENSOR: me llego una orden= 1
t= 28.00	ASCENSOR: estado: est= 1, h= 8.00, sigma= 2.00 	 --) 
(-- dint CONTROLADOR 		t= 28.00	CONTROLADOR: envie un 1 al ascensor 	 --)
(-- lambda CONTROLADOR 		t= 28.00	CONTROLADOR: mando al tablero= 4	 --) 
(-- dext TABLERO 			t= 28.00	TABLERO: el controlador me mando un= 4	 --) 
(-- dint CONTROLADOR 		t= 28.00	CONTROLADOR: envie un 4 al tablero 	 --)
(-- lambda ASCENSOR 		t= 30.00	ASCENSOR: llegue al piso= 4, h: 8.00, est= 1 	 --) 
(-- dext CONTROLADOR 		t= 30.00	CONTROLADOR: el asensor mando un= 4 	 --) 
(-- dint ASCENSOR 			t= 30.00	ASCENSOR: voy a seguir bajando,h= 6.00, sigma= 2.00 	 --) 
(-- lambda ASCENSOR 		t= 32.00	ASCENSOR: llegue al piso= 3, h: 6.00, est= 1 	 --) 
(-- dext CONTROLADOR 		t= 32.00	CONTROLADOR: el asensor mando un= 3 - llego al destino 	 --) 
(-- dint ASCENSOR 			t= 32.00	ASCENSOR: voy a seguir bajando,h= 4.00, sigma= 2.00 	 --) 
(-- lambda CONTROLADOR 		t= 32.00	CONTROLADOR: mando al ascensor= 2	 --) 
(-- dext ASCENSOR 			t= 32.00	ASCENSOR: me llego una orden= 2
t= 32.00	ASCENSOR: estado: est= 6, h= 4.00, sigma= 0.00 	 --) 
(-- dint CONTROLADOR 		t= 32.00	CONTROLADOR: envie un 2 al ascensor 	 --)
(-- lambda CONTROLADOR 		t= 32.00	CONTROLADOR: mando al tablero= 3	 --) 
(-- dext TABLERO 			t= 32.00	TABLERO: el controlador me mando un= 3. La cola es= [ 4 -  ]	 --) 
(-- dint CONTROLADOR 		t= 32.00	CONTROLADOR: envie un 3 al tablero 	 --)
(-- lambda ASCENSOR 			 --) 
(-- dext CONTROLADOR 		t= 32.00	CONTROLADOR: el asensor mando un= 3 	 --) 
(-- dint ASCENSOR 			t= 32.00	ASCENSOR: descansar,h= 4.00, sigma= 100000000000000000000.00 	 --) 
(-- lambda TABLERO 			t= 32.00	TABLERO: mando un pedido al controlador= 4	 --) 
(-- dext CONTROLADOR 		t= 32.00	CONTROLADOR: el tablero mando un= 4 	 --) 
(-- dint TABLERO 			 --) 
(-- lambda CONTROLADOR 		t= 32.00	CONTROLADOR: mando al ascensor= 0	 --) 
(-- dext ASCENSOR 			t= 32.00	ASCENSOR: me llego una orden= 0
t= 32.00	ASCENSOR: estado: est= 0, h= 4.00, sigma= 2.00 	 --) 
(-- dint CONTROLADOR 		t= 32.00	CONTROLADOR: envie un 0 al ascensor 	 --)
(-- lambda CONTROLADOR 		t= 32.00	CONTROLADOR: mando al tablero= 4	 --) 
(-- dext TABLERO 			t= 32.00	TABLERO: el controlador me mando un= 4	 --) 
(-- dint CONTROLADOR 		t= 32.00	CONTROLADOR: envie un 4 al tablero 	 --)
(-- lambda ASCENSOR 		t= 34.00	ASCENSOR: llegue al piso= 4, h: 4.00, est= 0 	 --) 
(-- dext CONTROLADOR 		t= 34.00	CONTROLADOR: el asensor mando un= 4 - llego al destino 	 --) 
(-- dint ASCENSOR 			t= 34.00	ASCENSOR: voy a seguir subiendo,h= 6.00, sigma= 2.00 	 --) 
(-- lambda CONTROLADOR 		t= 34.00	CONTROLADOR: mando al ascensor= 2	 --) 
(-- dext ASCENSOR 			t= 34.00	ASCENSOR: me llego una orden= 2
t= 34.00	ASCENSOR: estado: est= 5, h= 6.00, sigma= 0.00 	 --) 
(-- dint CONTROLADOR 		t= 34.00	CONTROLADOR: envie un 2 al ascensor 	 --)
(-- lambda CONTROLADOR 		t= 34.00	CONTROLADOR: mando al tablero= 3	 --) 
(-- dext TABLERO 			t= 34.00	TABLERO: el controlador me mando un= 3. La cola esta vacia	 --) 
(-- dint CONTROLADOR 		t= 34.00	CONTROLADOR: envie un 3 al tablero 	 --)
(-- lambda ASCENSOR 			 --) 
(-- dext CONTROLADOR 		t= 34.00	CONTROLADOR: el asensor mando un= 4 	 --) 
(-- dint ASCENSOR 			t= 34.00	ASCENSOR: voy a descansar,h= 6.00, sigma= 100000000000000000000.00 	 --) 
t= 38.53	GENERADOR: Va un pedido= 5
(-- dext DISTRIBUIDOR 		t= 38.53	DISTRIBUIDOR: recibi un pedido= 5	 --)
(-- lambda DISTRIBUIDOR 		t= 38.53	DISTRIBUIDOR: envio un 5 al ascensor 1	 --)
(-- dext TABLERO 			t= 38.53	TABLERO: recibi un pedido= 5	 --) 
(-- lambda TABLERO 			t= 38.53	TABLERO: mando un pedido al controlador= 5	 --) 
(-- dext CONTROLADOR 		t= 38.53	CONTROLADOR: el tablero mando un= 5 	 --) 
(-- dint TABLERO 			 --) 
(-- lambda CONTROLADOR 		t= 38.53	CONTROLADOR: mando al ascensor= 1	 --) 
(-- dext ASCENSOR 			t= 38.53	ASCENSOR: me llego una orden= 1
t= 38.53	ASCENSOR: estado: est= 1, h= 14.00, sigma= 2.00 	 --) 
(-- dint CONTROLADOR 		t= 38.53	CONTROLADOR: envie un 1 al ascensor 	 --)
(-- lambda CONTROLADOR 		t= 38.53	CONTROLADOR: mando al tablero= 4	 --) 
(-- dext TABLERO 			t= 38.53	TABLERO: el controlador me mando un= 4	 --) 
(-- dint CONTROLADOR 		t= 38.53	CONTROLADOR: envie un 4 al tablero 	 --)
(-- lambda ASCENSOR 		t= 40.53	ASCENSOR: llegue al piso= 7, h: 14.00, est= 1 	 --) 
(-- dext CONTROLADOR 		t= 40.53	CONTROLADOR: el asensor mando un= 7 	 --) 
(-- dint ASCENSOR 			t= 40.53	ASCENSOR: voy a seguir bajando,h= 12.00, sigma= 2.00 	 --) 
(-- lambda ASCENSOR 		t= 42.53	ASCENSOR: llegue al piso= 6, h: 12.00, est= 1 	 --) 
(-- dext CONTROLADOR 		t= 42.53	CONTROLADOR: el asensor mando un= 6 	 --) 
(-- dint ASCENSOR 			t= 42.53	ASCENSOR: voy a seguir bajando,h= 10.00, sigma= 2.00 	 --) 
(-- lambda ASCENSOR 		t= 44.53	ASCENSOR: llegue al piso= 5, h: 10.00, est= 1 	 --) 
(-- dext CONTROLADOR 		t= 44.53	CONTROLADOR: el asensor mando un= 5 - llego al destino 	 --) 
(-- dint ASCENSOR 			t= 44.53	ASCENSOR: voy a seguir bajando,h= 8.00, sigma= 2.00 	 --) 
(-- lambda CONTROLADOR 		t= 44.53	CONTROLADOR: mando al ascensor= 2	 --) 
(-- dext ASCENSOR 			t= 44.53	ASCENSOR: me llego una orden= 2
t= 44.53	ASCENSOR: estado: est= 6, h= 8.00, sigma= 0.00 	 --) 
(-- dint CONTROLADOR 		t= 44.53	CONTROLADOR: envie un 2 al ascensor 	 --)
(-- lambda CONTROLADOR 		t= 44.53	CONTROLADOR: mando al tablero= 3	 --) 
(-- dext TABLERO 			t= 44.53	TABLERO: el controlador me mando un= 3. La cola esta vacia	 --) 
(-- dint CONTROLADOR 		t= 44.53	CONTROLADOR: envie un 3 al tablero 	 --)
(-- lambda ASCENSOR 			 --) 
(-- dext CONTROLADOR 		t= 44.53	CONTROLADOR: el asensor mando un= 5 	 --) 
(-- dint ASCENSOR 			t= 44.53	ASCENSOR: descansar,h= 8.00, sigma= 100000000000000000000.00 	 --) 
t= 46.04	GENERADOR: Va un pedido= 8
(-- dext DISTRIBUIDOR 		t= 46.04	DISTRIBUIDOR: recibi un pedido= 8	 --)
(-- lambda DISTRIBUIDOR 		t= 46.04	DISTRIBUIDOR: envio un 8 al ascensor 0	 --)
(-- dext TABLERO 			t= 46.04	TABLERO: recibi un pedido= 8	 --) 
(-- lambda TABLERO 			t= 46.04	TABLERO: mando un pedido al controlador= 8	 --) 
(-- dext CONTROLADOR 		t= 46.04	CONTROLADOR: el tablero mando un= 8 	 --) 
(-- dint TABLERO 			 --) 
(-- lambda CONTROLADOR 		t= 46.04	CONTROLADOR: mando al ascensor= 0	 --) 
(-- dext ASCENSOR 			t= 46.04	ASCENSOR: me llego una orden= 0
t= 46.04	ASCENSOR: estado: est= 0, h= 6.00, sigma= 2.00 	 --) 
(-- dint CONTROLADOR 		t= 46.04	CONTROLADOR: envie un 0 al ascensor 	 --)
(-- lambda CONTROLADOR 		t= 46.04	CONTROLADOR: mando al tablero= 4	 --) 
(-- dext TABLERO 			t= 46.04	TABLERO: el controlador me mando un= 4	 --) 
(-- dint CONTROLADOR 		t= 46.04	CONTROLADOR: envie un 4 al tablero 	 --)
(-- lambda ASCENSOR 		t= 48.04	ASCENSOR: llegue al piso= 5, h: 6.00, est= 0 	 --) 
(-- dext CONTROLADOR 		t= 48.04	CONTROLADOR: el asensor mando un= 5 	 --) 
(-- dint ASCENSOR 			t= 48.04	ASCENSOR: voy a seguir subiendo,h= 8.00, sigma= 2.00 	 --) 
t= 48.15	GENERADOR: Va un pedido= 1
(-- dext DISTRIBUIDOR 		t= 48.15	DISTRIBUIDOR: recibi un pedido= 1	 --)
(-- lambda DISTRIBUIDOR 		t= 48.15	DISTRIBUIDOR: envio un 1 al ascensor 1	 --)
(-- dext TABLERO 			t= 48.15	TABLERO: recibi un pedido= 1	 --) 
(-- lambda TABLERO 			t= 48.15	TABLERO: mando un pedido al controlador= 1	 --) 
(-- dext CONTROLADOR 		t= 48.15	CONTROLADOR: el tablero mando un= 1 	 --) 
(-- dint TABLERO 			 --) 
(-- lambda CONTROLADOR 		t= 48.15	CONTROLADOR: mando al ascensor= 1	 --) 
(-- dext ASCENSOR 			t= 48.15	ASCENSOR: me llego una orden= 1
t= 48.15	ASCENSOR: estado: est= 1, h= 8.00, sigma= 2.00 	 --) 
(-- dint CONTROLADOR 		t= 48.15	CONTROLADOR: envie un 1 al ascensor 	 --)
(-- lambda CONTROLADOR 		t= 48.15	CONTROLADOR: mando al tablero= 4	 --) 
(-- dext TABLERO 			t= 48.15	TABLERO: el controlador me mando un= 4	 --) 
(-- dint CONTROLADOR 		t= 48.15	CONTROLADOR: envie un 4 al tablero 	 --)
(-- lambda ASCENSOR 		t= 50.04	ASCENSOR: llegue al piso= 6, h: 8.00, est= 0 	 --) 
(-- dext CONTROLADOR 		t= 50.04	CONTROLADOR: el asensor mando un= 6 	 --) 
(-- dint ASCENSOR 			t= 50.04	ASCENSOR: voy a seguir subiendo,h= 10.00, sigma= 2.00 	 --) 
(-- lambda ASCENSOR 		t= 50.15	ASCENSOR: llegue al piso= 4, h: 8.00, est= 1 	 --) 
(-- dext CONTROLADOR 		t= 50.15	CONTROLADOR: el asensor mando un= 4 	 --) 
(-- dint ASCENSOR 			t= 50.15	ASCENSOR: voy a seguir bajando,h= 6.00, sigma= 2.00 	 --) 
(-- lambda ASCENSOR 		t= 52.04	ASCENSOR: llegue al piso= 7, h: 10.00, est= 0 	 --) 
(-- dext CONTROLADOR 		t= 52.04	CONTROLADOR: el asensor mando un= 7 	 --) 
(-- dint ASCENSOR 			t= 52.04	ASCENSOR: voy a seguir subiendo,h= 12.00, sigma= 2.00 	 --) 
(-- lambda ASCENSOR 		t= 52.15	ASCENSOR: llegue al piso= 3, h: 6.00, est= 1 	 --) 
(-- dext CONTROLADOR 		t= 52.15	CONTROLADOR: el asensor mando un= 3 	 --) 
(-- dint ASCENSOR 			t= 52.15	ASCENSOR: voy a seguir bajando,h= 4.00, sigma= 2.00 	 --) 
(-- lambda ASCENSOR 		t= 54.04	ASCENSOR: llegue al piso= 8, h: 12.00, est= 0 	 --) 
(-- dext CONTROLADOR 		t= 54.04	CONTROLADOR: el asensor mando un= 8 - llego al destino 	 --) 
(-- dint ASCENSOR 			t= 54.04	ASCENSOR: voy a seguir subiendo,h= 14.00, sigma= 2.00 	 --) 
(-- lambda CONTROLADOR 		t= 54.04	CONTROLADOR: mando al ascensor= 2	 --) 
(-- dext ASCENSOR 			t= 54.04	ASCENSOR: me llego una orden= 2
t= 54.04	ASCENSOR: estado: est= 5, h= 14.00, sigma= 0.00 	 --) 
(-- dint CONTROLADOR 		t= 54.04	CONTROLADOR: envie un 2 al ascensor 	 --)
(-- lambda CONTROLADOR 		t= 54.04	CONTROLADOR: mando al tablero= 3	 --) 
(-- dext TABLERO 			t= 54.04	TABLERO: el controlador me mando un= 3. La cola esta vacia	 --) 
(-- dint CONTROLADOR 		t= 54.04	CONTROLADOR: envie un 3 al tablero 	 --)
(-- lambda ASCENSOR 			 --) 
(-- dext CONTROLADOR 		t= 54.04	CONTROLADOR: el asensor mando un= 8 	 --) 
(-- dint ASCENSOR 			t= 54.04	ASCENSOR: voy a descansar,h= 14.00, sigma= 100000000000000000000.00 	 --) 
(-- lambda ASCENSOR 		t= 54.15	ASCENSOR: llegue al piso= 2, h: 4.00, est= 1 	 --) 
(-- dext CONTROLADOR 		t= 54.15	CONTROLADOR: el asensor mando un= 2 	 --) 
(-- dint ASCENSOR 			t= 54.15	ASCENSOR: voy a seguir bajando,h= 2.00, sigma= 2.00 	 --) 
(-- lambda ASCENSOR 		t= 56.15	ASCENSOR: llegue al piso= 1, h: 2.00, est= 1 	 --) 
(-- dext CONTROLADOR 		t= 56.15	CONTROLADOR: el asensor mando un= 1 - llego al destino 	 --) 
(-- dint ASCENSOR 			t= 56.15	ASCENSOR: voy a seguir bajando,h= 0.00, sigma= 2.00 	 --) 
(-- lambda CONTROLADOR 		t= 56.15	CONTROLADOR: mando al ascensor= 2	 --) 
(-- dext ASCENSOR 			t= 56.15	ASCENSOR: me llego una orden= 2
t= 56.15	ASCENSOR: estado: est= 6, h= 0.00, sigma= 0.00 	 --) 
(-- dint CONTROLADOR 		t= 56.15	CONTROLADOR: envie un 2 al ascensor 	 --)
(-- lambda CONTROLADOR 		t= 56.15	CONTROLADOR: mando al tablero= 3	 --) 
(-- dext TABLERO 			t= 56.15	TABLERO: el controlador me mando un= 3. La cola esta vacia	 --) 
(-- dint CONTROLADOR 		t= 56.15	CONTROLADOR: envie un 3 al tablero 	 --)
(-- lambda ASCENSOR 			 --) 
(-- dext CONTROLADOR 		t= 56.15	CONTROLADOR: el asensor mando un= 1 	 --) 
(-- dint ASCENSOR 			t= 56.15	ASCENSOR: descansar,h= 0.00, sigma= 100000000000000000000.00 	 --) 
t= 60.33	GENERADOR: Va un pedido= 5
(-- dext DISTRIBUIDOR 		t= 60.33	DISTRIBUIDOR: recibi un pedido= 5	 --)
(-- lambda DISTRIBUIDOR 		t= 60.33	DISTRIBUIDOR: envio un 5 al ascensor 0	 --)
(-- dext TABLERO 			t= 60.33	TABLERO: recibi un pedido= 5	 --) 
(-- lambda TABLERO 			t= 60.33	TABLERO: mando un pedido al controlador= 5	 --) 
(-- dext CONTROLADOR 		t= 60.33	CONTROLADOR: el tablero mando un= 5 	 --) 
(-- dint TABLERO 			 --) 
(-- lambda CONTROLADOR 		t= 60.33	CONTROLADOR: mando al ascensor= 1	 --) 
(-- dext ASCENSOR 			t= 60.33	ASCENSOR: me llego una orden= 1
t= 60.33	ASCENSOR: estado: est= 1, h= 14.00, sigma= 2.00 	 --) 
(-- dint CONTROLADOR 		t= 60.33	CONTROLADOR: envie un 1 al ascensor 	 --)
(-- lambda CONTROLADOR 		t= 60.33	CONTROLADOR: mando al tablero= 4	 --) 
(-- dext TABLERO 			t= 60.33	TABLERO: el controlador me mando un= 4	 --) 
(-- dint CONTROLADOR 		t= 60.33	CONTROLADOR: envie un 4 al tablero 	 --)
t= 61.60	GENERADOR: Va un pedido= 3
(-- dext DISTRIBUIDOR 		t= 61.60	DISTRIBUIDOR: recibi un pedido= 3	 --)
(-- lambda DISTRIBUIDOR 		t= 61.60	DISTRIBUIDOR: envio un 3 al ascensor 1	 --)
(-- dext TABLERO 			t= 61.60	TABLERO: recibi un pedido= 3	 --) 
(-- lambda TABLERO 			t= 61.60	TABLERO: mando un pedido al controlador= 3	 --) 
(-- dext CONTROLADOR 		t= 61.60	CONTROLADOR: el tablero mando un= 3 	 --) 
(-- dint TABLERO 			 --) 
(-- lambda CONTROLADOR 		t= 61.60	CONTROLADOR: mando al ascensor= 0	 --) 
(-- dext ASCENSOR 			t= 61.60	ASCENSOR: me llego una orden= 0
t= 61.60	ASCENSOR: estado: est= 0, h= 0.00, sigma= 2.00 	 --) 
(-- dint CONTROLADOR 		t= 61.60	CONTROLADOR: envie un 0 al ascensor 	 --)
(-- lambda CONTROLADOR 		t= 61.60	CONTROLADOR: mando al tablero= 4	 --) 
(-- dext TABLERO 			t= 61.60	TABLERO: el controlador me mando un= 4	 --) 
(-- dint CONTROLADOR 		t= 61.60	CONTROLADOR: envie un 4 al tablero 	 --)
(-- lambda ASCENSOR 		t= 62.33	ASCENSOR: llegue al piso= 7, h: 14.00, est= 1 	 --) 
(-- dext CONTROLADOR 		t= 62.33	CONTROLADOR: el asensor mando un= 7 	 --) 
(-- dint ASCENSOR 			t= 62.33	ASCENSOR: voy a seguir bajando,h= 12.00, sigma= 2.00 	 --) 
(-- lambda ASCENSOR 		t= 63.60	ASCENSOR: llegue al piso= 2, h: 0.00, est= 0 	 --) 
(-- dext CONTROLADOR 		t= 63.60	CONTROLADOR: el asensor mando un= 2 	 --) 
(-- dint ASCENSOR 			t= 63.60	ASCENSOR: voy a seguir subiendo,h= 2.00, sigma= 2.00 	 --) 
(-- lambda ASCENSOR 		t= 64.33	ASCENSOR: llegue al piso= 6, h: 12.00, est= 1 	 --) 
(-- dext CONTROLADOR 		t= 64.33	CONTROLADOR: el asensor mando un= 6 	 --) 
(-- dint ASCENSOR 			t= 64.33	ASCENSOR: voy a seguir bajando,h= 10.00, sigma= 2.00 	 --) 
(-- lambda ASCENSOR 		t= 65.60	ASCENSOR: llegue al piso= 3, h: 2.00, est= 0 	 --) 
(-- dext CONTROLADOR 		t= 65.60	CONTROLADOR: el asensor mando un= 3 - llego al destino 	 --) 
(-- dint ASCENSOR 			t= 65.60	ASCENSOR: voy a seguir subiendo,h= 4.00, sigma= 2.00 	 --) 
(-- lambda CONTROLADOR 		t= 65.60	CONTROLADOR: mando al ascensor= 2	 --) 
(-- dext ASCENSOR 			t= 65.60	ASCENSOR: me llego una orden= 2
t= 65.60	ASCENSOR: estado: est= 5, h= 4.00, sigma= 0.00 	 --) 
(-- dint CONTROLADOR 		t= 65.60	CONTROLADOR: envie un 2 al ascensor 	 --)
(-- lambda CONTROLADOR 		t= 65.60	CONTROLADOR: mando al tablero= 3	 --) 
(-- dext TABLERO 			t= 65.60	TABLERO: el controlador me mando un= 3. La cola esta vacia	 --) 
(-- dint CONTROLADOR 		t= 65.60	CONTROLADOR: envie un 3 al tablero 	 --)
(-- lambda ASCENSOR 			 --) 
(-- dext CONTROLADOR 		t= 65.60	CONTROLADOR: el asensor mando un= 3 	 --) 
(-- dint ASCENSOR 			t= 65.60	ASCENSOR: voy a descansar,h= 4.00, sigma= 100000000000000000000.00 	 --) 
(-- lambda ASCENSOR 		t= 66.33	ASCENSOR: llegue al piso= 5, h: 10.00, est= 1 	 --) 
(-- dext CONTROLADOR 		t= 66.33	CONTROLADOR: el asensor mando un= 5 - llego al destino 	 --) 
(-- dint ASCENSOR 			t= 66.33	ASCENSOR: voy a seguir bajando,h= 8.00, sigma= 2.00 	 --) 
(-- lambda CONTROLADOR 		t= 66.33	CONTROLADOR: mando al ascensor= 2	 --) 
(-- dext ASCENSOR 			t= 66.33	ASCENSOR: me llego una orden= 2
t= 66.33	ASCENSOR: estado: est= 6, h= 8.00, sigma= 0.00 	 --) 
(-- dint CONTROLADOR 		t= 66.33	CONTROLADOR: envie un 2 al ascensor 	 --)
(-- lambda CONTROLADOR 		t= 66.33	CONTROLADOR: mando al tablero= 3	 --) 
(-- dext TABLERO 			t= 66.33	TABLERO: el controlador me mando un= 3. La cola esta vacia	 --) 
(-- dint CONTROLADOR 		t= 66.33	CONTROLADOR: envie un 3 al tablero 	 --)
(-- lambda ASCENSOR 			 --) 
(-- dext CONTROLADOR 		t= 66.33	CONTROLADOR: el asensor mando un= 5 	 --) 
(-- dint ASCENSOR 			t= 66.33	ASCENSOR: descansar,h= 8.00, sigma= 100000000000000000000.00 	 --) 
t= 68.01	GENERADOR: Va un pedido= 9
(-- dext DISTRIBUIDOR 		t= 68.01	DISTRIBUIDOR: recibi un pedido= 9	 --)
(-- lambda DISTRIBUIDOR 		t= 68.01	DISTRIBUIDOR: envio un 9 al ascensor 0	 --)
(-- dext TABLERO 			t= 68.01	TABLERO: recibi un pedido= 9	 --) 
(-- lambda TABLERO 			t= 68.01	TABLERO: mando un pedido al controlador= 9	 --) 
(-- dext CONTROLADOR 		t= 68.01	CONTROLADOR: el tablero mando un= 9 	 --) 
(-- dint TABLERO 			 --) 
(-- lambda CONTROLADOR 		t= 68.01	CONTROLADOR: mando al ascensor= 0	 --) 
(-- dext ASCENSOR 			t= 68.01	ASCENSOR: me llego una orden= 0
t= 68.01	ASCENSOR: estado: est= 0, h= 8.00, sigma= 2.00 	 --) 
(-- dint CONTROLADOR 		t= 68.01	CONTROLADOR: envie un 0 al ascensor 	 --)
(-- lambda CONTROLADOR 		t= 68.01	CONTROLADOR: mando al tablero= 4	 --) 
(-- dext TABLERO 			t= 68.01	TABLERO: el controlador me mando un= 4	 --) 
(-- dint CONTROLADOR 		t= 68.01	CONTROLADOR: envie un 4 al tablero 	 --)
t= 68.62	GENERADOR: Va un pedido= 2
(-- dext DISTRIBUIDOR 		t= 68.62	DISTRIBUIDOR: recibi un pedido= 2	 --)
(-- lambda DISTRIBUIDOR 		t= 68.62	DISTRIBUIDOR: envio un 2 al ascensor 1	 --)
(-- dext TABLERO 			t= 68.62	TABLERO: recibi un pedido= 2	 --) 
(-- lambda TABLERO 			t= 68.62	TABLERO: mando un pedido al controlador= 2	 --) 
(-- dext CONTROLADOR 		t= 68.62	CONTROLADOR: el tablero mando un= 2 	 --) 
(-- dint TABLERO 			 --) 
(-- lambda CONTROLADOR 		t= 68.62	CONTROLADOR: mando al ascensor= 1	 --) 
(-- dext ASCENSOR 			t= 68.62	ASCENSOR: me llego una orden= 1
t= 68.62	ASCENSOR: estado: est= 1, h= 4.00, sigma= 2.00 	 --) 
(-- dint CONTROLADOR 		t= 68.62	CONTROLADOR: envie un 1 al ascensor 	 --)
(-- lambda CONTROLADOR 		t= 68.62	CONTROLADOR: mando al tablero= 4	 --) 
(-- dext TABLERO 			t= 68.62	TABLERO: el controlador me mando un= 4	 --) 
(-- dint CONTROLADOR 		t= 68.62	CONTROLADOR: envie un 4 al tablero 	 --)
(-- lambda ASCENSOR 		t= 70.01	ASCENSOR: llegue al piso= 6, h: 8.00, est= 0 	 --) 
(-- dext CONTROLADOR 		t= 70.01	CONTROLADOR: el asensor mando un= 6 	 --) 
(-- dint ASCENSOR 			t= 70.01	ASCENSOR: voy a seguir subiendo,h= 10.00, sigma= 2.00 	 --) 
(-- lambda ASCENSOR 		t= 70.62	ASCENSOR: llegue al piso= 2, h: 4.00, est= 1 	 --) 
(-- dext CONTROLADOR 		t= 70.62	CONTROLADOR: el asensor mando un= 2 - llego al destino 	 --) 
(-- dint ASCENSOR 			t= 70.62	ASCENSOR: voy a seguir bajando,h= 2.00, sigma= 2.00 	 --) 
(-- lambda CONTROLADOR 		t= 70.62	CONTROLADOR: mando al ascensor= 2	 --) 
(-- dext ASCENSOR 			t= 70.62	ASCENSOR: me llego una orden= 2
t= 70.62	ASCENSOR: estado: est= 6, h= 2.00, sigma= 0.00 	 --) 
(-- dint CONTROLADOR 		t= 70.62	CONTROLADOR: envie un 2 al ascensor 	 --)
(-- lambda CONTROLADOR 		t= 70.62	CONTROLADOR: mando al tablero= 3	 --) 
(-- dext TABLERO 			t= 70.62	TABLERO: el controlador me mando un= 3. La cola esta vacia	 --) 
(-- dint CONTROLADOR 		t= 70.62	CONTROLADOR: envie un 3 al tablero 	 --)
(-- lambda ASCENSOR 			 --) 
(-- dext CONTROLADOR 		t= 70.62	CONTROLADOR: el asensor mando un= 2 	 --) 
(-- dint ASCENSOR 			t= 70.62	ASCENSOR: descansar,h= 2.00, sigma= 100000000000000000000.00 	 --) 
(-- lambda ASCENSOR 		t= 72.01	ASCENSOR: llegue al piso= 7, h: 10.00, est= 0 	 --) 
(-- dext CONTROLADOR 		t= 72.01	CONTROLADOR: el asensor mando un= 7 	 --) 
(-- dint ASCENSOR 			t= 72.01	ASCENSOR: voy a seguir subiendo,h= 12.00, sigma= 2.00 	 --) 
(-- lambda ASCENSOR 		t= 74.01	ASCENSOR: llegue al piso= 8, h: 12.00, est= 0 	 --) 
(-- dext CONTROLADOR 		t= 74.01	CONTROLADOR: el asensor mando un= 8 	 --) 
(-- dint ASCENSOR 			t= 74.01	ASCENSOR: voy a seguir subiendo,h= 14.00, sigma= 2.00 	 --) 
(-- lambda ASCENSOR 		t= 76.01	ASCENSOR: llegue al piso= 9, h: 14.00, est= 0 	 --) 
(-- dext CONTROLADOR 		t= 76.01	CONTROLADOR: el asensor mando un= 9 - llego al destino 	 --) 
(-- dint ASCENSOR 			t= 76.01	ASCENSOR: voy a seguir subiendo,h= 16.00, sigma= 2.00 	 --) 
(-- lambda CONTROLADOR 		t= 76.01	CONTROLADOR: mando al ascensor= 2	 --) 
(-- dext ASCENSOR 			t= 76.01	ASCENSOR: me llego una orden= 2
t= 76.01	ASCENSOR: estado: est= 5, h= 16.00, sigma= 0.00 	 --) 
(-- dint CONTROLADOR 		t= 76.01	CONTROLADOR: envie un 2 al ascensor 	 --)
(-- lambda CONTROLADOR 		t= 76.01	CONTROLADOR: mando al tablero= 3	 --) 
(-- dext TABLERO 			t= 76.01	TABLERO: el controlador me mando un= 3. La cola esta vacia	 --) 
(-- dint CONTROLADOR 		t= 76.01	CONTROLADOR: envie un 3 al tablero 	 --)
(-- lambda ASCENSOR 			 --) 
(-- dext CONTROLADOR 		t= 76.01	CONTROLADOR: el asensor mando un= 9 	 --) 
(-- dint ASCENSOR 			t= 76.01	ASCENSOR: voy a descansar,h= 16.00, sigma= 100000000000000000000.00 	 --) 
t= 80.81	GENERADOR: Va un pedido= 10
(-- dext DISTRIBUIDOR 		t= 80.81	DISTRIBUIDOR: recibi un pedido= 10	 --)
(-- lambda DISTRIBUIDOR 		t= 80.81	DISTRIBUIDOR: envio un 10 al ascensor 0	 --)
(-- dext TABLERO 			t= 80.81	TABLERO: recibi un pedido= 10	 --) 
(-- lambda TABLERO 			t= 80.81	TABLERO: mando un pedido al controlador= 10	 --) 
(-- dext CONTROLADOR 		t= 80.81	CONTROLADOR: el tablero mando un= 10 	 --) 
(-- dint TABLERO 			 --) 
(-- lambda CONTROLADOR 		t= 80.81	CONTROLADOR: mando al ascensor= 0	 --) 
(-- dext ASCENSOR 			t= 80.81	ASCENSOR: me llego una orden= 0
t= 80.81	ASCENSOR: estado: est= 0, h= 16.00, sigma= 2.00 	 --) 
(-- dint CONTROLADOR 		t= 80.81	CONTROLADOR: envie un 0 al ascensor 	 --)
(-- lambda CONTROLADOR 		t= 80.81	CONTROLADOR: mando al tablero= 4	 --) 
(-- dext TABLERO 			t= 80.81	TABLERO: el controlador me mando un= 4	 --) 
(-- dint CONTROLADOR 		t= 80.81	CONTROLADOR: envie un 4 al tablero 	 --)
(-- lambda ASCENSOR 		t= 82.81	ASCENSOR: llegue al piso= 10, h: 16.00, est= 0 	 --) 
(-- dext CONTROLADOR 		t= 82.81	CONTROLADOR: el asensor mando un= 10 - llego al destino 	 --) 
(-- dint ASCENSOR 			t= 82.81	ASCENSOR: voy a seguir subiendo,h= 18.00, sigma= 2.00 	 --) 
(-- lambda CONTROLADOR 		t= 82.81	CONTROLADOR: mando al ascensor= 2	 --) 
(-- dext ASCENSOR 			t= 82.81	ASCENSOR: me llego una orden= 2
t= 82.81	ASCENSOR: estado: est= 5, h= 18.00, sigma= 0.00 	 --) 
(-- dint CONTROLADOR 		t= 82.81	CONTROLADOR: envie un 2 al ascensor 	 --)
(-- lambda CONTROLADOR 		t= 82.81	CONTROLADOR: mando al tablero= 3	 --) 
(-- dext TABLERO 			t= 82.81	TABLERO: el controlador me mando un= 3. La cola esta vacia	 --) 
(-- dint CONTROLADOR 		t= 82.81	CONTROLADOR: envie un 3 al tablero 	 --)
(-- lambda ASCENSOR 			 --) 
(-- dext CONTROLADOR 		t= 82.81	CONTROLADOR: el asensor mando un= 10 	 --) 
(-- dint ASCENSOR 			t= 82.81	ASCENSOR: voy a descansar,h= 18.00, sigma= 100000000000000000000.00 	 --) 
t= 91.62	GENERADOR: Va un pedido= 1
(-- dext DISTRIBUIDOR 		t= 91.62	DISTRIBUIDOR: recibi un pedido= 1	 --)
(-- lambda DISTRIBUIDOR 		t= 91.62	DISTRIBUIDOR: envio un 1 al ascensor 1	 --)
(-- dext TABLERO 			t= 91.62	TABLERO: recibi un pedido= 1	 --) 
(-- lambda TABLERO 			t= 91.62	TABLERO: mando un pedido al controlador= 1	 --) 
(-- dext CONTROLADOR 		t= 91.62	CONTROLADOR: el tablero mando un= 1 	 --) 
(-- dint TABLERO 			 --) 
(-- lambda CONTROLADOR 		t= 91.62	CONTROLADOR: mando al ascensor= 1	 --) 
(-- dext ASCENSOR 			t= 91.62	ASCENSOR: me llego una orden= 1
t= 91.62	ASCENSOR: estado: est= 1, h= 2.00, sigma= 2.00 	 --) 
(-- dint CONTROLADOR 		t= 91.62	CONTROLADOR: envie un 1 al ascensor 	 --)
(-- lambda CONTROLADOR 		t= 91.62	CONTROLADOR: mando al tablero= 4	 --) 
(-- dext TABLERO 			t= 91.62	TABLERO: el controlador me mando un= 4	 --) 
(-- dint CONTROLADOR 		t= 91.62	CONTROLADOR: envie un 4 al tablero 	 --)
(-- lambda ASCENSOR 		t= 93.62	ASCENSOR: llegue al piso= 1, h: 2.00, est= 1 	 --) 
(-- dext CONTROLADOR 		t= 93.62	CONTROLADOR: el asensor mando un= 1 - llego al destino 	 --) 
(-- dint ASCENSOR 			t= 93.62	ASCENSOR: voy a seguir bajando,h= 0.00, sigma= 2.00 	 --) 
(-- lambda CONTROLADOR 		t= 93.62	CONTROLADOR: mando al ascensor= 2	 --) 
(-- dext ASCENSOR 			t= 93.62	ASCENSOR: me llego una orden= 2
t= 93.62	ASCENSOR: estado: est= 6, h= 0.00, sigma= 0.00 	 --) 
(-- dint CONTROLADOR 		t= 93.62	CONTROLADOR: envie un 2 al ascensor 	 --)
(-- lambda CONTROLADOR 		t= 93.62	CONTROLADOR: mando al tablero= 3	 --) 
(-- dext TABLERO 			t= 93.62	TABLERO: el controlador me mando un= 3. La cola esta vacia	 --) 
(-- dint CONTROLADOR 		t= 93.62	CONTROLADOR: envie un 3 al tablero 	 --)
(-- lambda ASCENSOR 			 --) 
(-- dext CONTROLADOR 		t= 93.62	CONTROLADOR: el asensor mando un= 1 	 --) 
(-- dint ASCENSOR 			t= 93.62	ASCENSOR: descansar,h= 0.00, sigma= 100000000000000000000.00 	 --) 
t= 95.74	GENERADOR: Va un pedido= 5
(-- dext DISTRIBUIDOR 		t= 95.74	DISTRIBUIDOR: recibi un pedido= 5	 --)
(-- lambda DISTRIBUIDOR 		t= 95.74	DISTRIBUIDOR: envio un 5 al ascensor 0	 --)
(-- dext TABLERO 			t= 95.74	TABLERO: recibi un pedido= 5	 --) 
(-- lambda TABLERO 			t= 95.74	TABLERO: mando un pedido al controlador= 5	 --) 
(-- dext CONTROLADOR 		t= 95.74	CONTROLADOR: el tablero mando un= 5 	 --) 
(-- dint TABLERO 			 --) 
(-- lambda CONTROLADOR 		t= 95.74	CONTROLADOR: mando al ascensor= 1	 --) 
(-- dext ASCENSOR 			t= 95.74	ASCENSOR: me llego una orden= 1
t= 95.74	ASCENSOR: estado: est= 1, h= 18.00, sigma= 2.00 	 --) 
(-- dint CONTROLADOR 		t= 95.74	CONTROLADOR: envie un 1 al ascensor 	 --)
(-- lambda CONTROLADOR 		t= 95.74	CONTROLADOR: mando al tablero= 4	 --) 
(-- dext TABLERO 			t= 95.74	TABLERO: el controlador me mando un= 4	 --) 
(-- dint CONTROLADOR 		t= 95.74	CONTROLADOR: envie un 4 al tablero 	 --)
(-- lambda ASCENSOR 		t= 97.74	ASCENSOR: llegue al piso= 9, h: 18.00, est= 1 	 --) 
(-- dext CONTROLADOR 		t= 97.74	CONTROLADOR: el asensor mando un= 9 	 --) 
(-- dint ASCENSOR 			t= 97.74	ASCENSOR: voy a seguir bajando,h= 16.00, sigma= 2.00 	 --) 
(-- lambda ASCENSOR 		t= 99.74	ASCENSOR: llegue al piso= 8, h: 16.00, est= 1 	 --) 
(-- dext CONTROLADOR 		t= 99.74	CONTROLADOR: el asensor mando un= 8 	 --) 
(-- dint ASCENSOR 			t= 99.74	ASCENSOR: voy a seguir bajando,h= 14.00, sigma= 2.00 	 --) 
(-- lambda ASCENSOR 		t= 101.74	ASCENSOR: llegue al piso= 7, h: 14.00, est= 1 	 --) 
(-- dext CONTROLADOR 		t= 101.74	CONTROLADOR: el asensor mando un= 7 	 --) 
(-- dint ASCENSOR 			t= 101.74	ASCENSOR: voy a seguir bajando,h= 12.00, sigma= 2.00 	 --) 
(-- lambda ASCENSOR 		t= 103.74	ASCENSOR: llegue al piso= 6, h: 12.00, est= 1 	 --) 
(-- dext CONTROLADOR 		t= 103.74	CONTROLADOR: el asensor mando un= 6 	 --) 
(-- dint ASCENSOR 			t= 103.74	ASCENSOR: voy a seguir bajando,h= 10.00, sigma= 2.00 	 --) 
(-- lambda ASCENSOR 		t= 105.74	ASCENSOR: llegue al piso= 5, h: 10.00, est= 1 	 --) 
(-- dext CONTROLADOR 		t= 105.74	CONTROLADOR: el asensor mando un= 5 - llego al destino 	 --) 
(-- dint ASCENSOR 			t= 105.74	ASCENSOR: voy a seguir bajando,h= 8.00, sigma= 2.00 	 --) 
(-- lambda CONTROLADOR 		t= 105.74	CONTROLADOR: mando al ascensor= 2	 --) 
(-- dext ASCENSOR 			t= 105.74	ASCENSOR: me llego una orden= 2
t= 105.74	ASCENSOR: estado: est= 6, h= 8.00, sigma= 0.00 	 --) 
(-- dint CONTROLADOR 		t= 105.74	CONTROLADOR: envie un 2 al ascensor 	 --)
(-- lambda CONTROLADOR 		t= 105.74	CONTROLADOR: mando al tablero= 3	 --) 
(-- dext TABLERO 			t= 105.74	TABLERO: el controlador me mando un= 3. La cola esta vacia	 --) 
(-- dint CONTROLADOR 		t= 105.74	CONTROLADOR: envie un 3 al tablero 	 --)
(-- lambda ASCENSOR 			 --) 
(-- dext CONTROLADOR 		t= 105.74	CONTROLADOR: el asensor mando un= 5 	 --) 
(-- dint ASCENSOR 			t= 105.74	ASCENSOR: descansar,h= 8.00, sigma= 100000000000000000000.00 	 --) 
t= 107.56	GENERADOR: Va un pedido= 9
(-- dext DISTRIBUIDOR 		t= 107.56	DISTRIBUIDOR: recibi un pedido= 9	 --)
(-- lambda DISTRIBUIDOR 		t= 107.56	DISTRIBUIDOR: envio un 9 al ascensor 1	 --)
(-- dext TABLERO 			t= 107.56	TABLERO: recibi un pedido= 9	 --) 
(-- lambda TABLERO 			t= 107.56	TABLERO: mando un pedido al controlador= 9	 --) 
(-- dext CONTROLADOR 		t= 107.56	CONTROLADOR: el tablero mando un= 9 	 --) 
(-- dint TABLERO 			 --) 
(-- lambda CONTROLADOR 		t= 107.56	CONTROLADOR: mando al ascensor= 0	 --) 
(-- dext ASCENSOR 			t= 107.56	ASCENSOR: me llego una orden= 0
t= 107.56	ASCENSOR: estado: est= 0, h= 0.00, sigma= 2.00 	 --) 
(-- dint CONTROLADOR 		t= 107.56	CONTROLADOR: envie un 0 al ascensor 	 --)
(-- lambda CONTROLADOR 		t= 107.56	CONTROLADOR: mando al tablero= 4	 --) 
(-- dext TABLERO 			t= 107.56	TABLERO: el controlador me mando un= 4	 --) 
(-- dint CONTROLADOR 		t= 107.56	CONTROLADOR: envie un 4 al tablero 	 --)
t= 108.82	GENERADOR: Va un pedido= 4
(-- dext DISTRIBUIDOR 		t= 108.82	DISTRIBUIDOR: recibi un pedido= 4	 --)
(-- lambda DISTRIBUIDOR 		t= 108.82	DISTRIBUIDOR: envio un 4 al ascensor 0	 --)
(-- dext TABLERO 			t= 108.82	TABLERO: recibi un pedido= 4	 --) 
(-- lambda TABLERO 			t= 108.82	TABLERO: mando un pedido al controlador= 4	 --) 
(-- dext CONTROLADOR 		t= 108.82	CONTROLADOR: el tablero mando un= 4 	 --) 
(-- dint TABLERO 			 --) 
(-- lambda CONTROLADOR 		t= 108.82	CONTROLADOR: mando al ascensor= 1	 --) 
(-- dext ASCENSOR 			t= 108.82	ASCENSOR: me llego una orden= 1
t= 108.82	ASCENSOR: estado: est= 1, h= 8.00, sigma= 2.00 	 --) 
(-- dint CONTROLADOR 		t= 108.82	CONTROLADOR: envie un 1 al ascensor 	 --)
(-- lambda CONTROLADOR 		t= 108.82	CONTROLADOR: mando al tablero= 4	 --) 
(-- dext TABLERO 			t= 108.82	TABLERO: el controlador me mando un= 4	 --) 
(-- dint CONTROLADOR 		t= 108.82	CONTROLADOR: envie un 4 al tablero 	 --)
(-- lambda ASCENSOR 		t= 109.56	ASCENSOR: llegue al piso= 2, h: 0.00, est= 0 	 --) 
(-- dext CONTROLADOR 		t= 109.56	CONTROLADOR: el asensor mando un= 2 	 --) 
(-- dint ASCENSOR 			t= 109.56	ASCENSOR: voy a seguir subiendo,h= 2.00, sigma= 2.00 	 --) 
(-- lambda ASCENSOR 		t= 110.82	ASCENSOR: llegue al piso= 4, h: 8.00, est= 1 	 --) 
(-- dext CONTROLADOR 		t= 110.82	CONTROLADOR: el asensor mando un= 4 - llego al destino 	 --) 
(-- dint ASCENSOR 			t= 110.82	ASCENSOR: voy a seguir bajando,h= 6.00, sigma= 2.00 	 --) 
(-- lambda CONTROLADOR 		t= 110.82	CONTROLADOR: mando al ascensor= 2	 --) 
(-- dext ASCENSOR 			t= 110.82	ASCENSOR: me llego una orden= 2
t= 110.82	ASCENSOR: estado: est= 6, h= 6.00, sigma= 0.00 	 --) 
(-- dint CONTROLADOR 		t= 110.82	CONTROLADOR: envie un 2 al ascensor 	 --)
(-- lambda CONTROLADOR 		t= 110.82	CONTROLADOR: mando al tablero= 3	 --) 
(-- dext TABLERO 			t= 110.82	TABLERO: el controlador me mando un= 3. La cola esta vacia	 --) 
(-- dint CONTROLADOR 		t= 110.82	CONTROLADOR: envie un 3 al tablero 	 --)
(-- lambda ASCENSOR 			 --) 
(-- dext CONTROLADOR 		t= 110.82	CONTROLADOR: el asensor mando un= 4 	 --) 
(-- dint ASCENSOR 			t= 110.82	ASCENSOR: descansar,h= 6.00, sigma= 100000000000000000000.00 	 --) 
(-- lambda ASCENSOR 		t= 111.56	ASCENSOR: llegue al piso= 3, h: 2.00, est= 0 	 --) 
(-- dext CONTROLADOR 		t= 111.56	CONTROLADOR: el asensor mando un= 3 	 --) 
(-- dint ASCENSOR 			t= 111.56	ASCENSOR: voy a seguir subiendo,h= 4.00, sigma= 2.00 	 --) 
(-- lambda ASCENSOR 		t= 113.56	ASCENSOR: llegue al piso= 4, h: 4.00, est= 0 	 --) 
(-- dext CONTROLADOR 		t= 113.56	CONTROLADOR: el asensor mando un= 4 	 --) 
(-- dint ASCENSOR 			t= 113.56	ASCENSOR: voy a seguir subiendo,h= 6.00, sigma= 2.00 	 --) 
(-- lambda ASCENSOR 		t= 115.56	ASCENSOR: llegue al piso= 5, h: 6.00, est= 0 	 --) 
(-- dext CONTROLADOR 		t= 115.56	CONTROLADOR: el asensor mando un= 5 	 --) 
(-- dint ASCENSOR 			t= 115.56	ASCENSOR: voy a seguir subiendo,h= 8.00, sigma= 2.00 	 --) 
t= 116.70	GENERADOR: Va un pedido= 3
(-- dext DISTRIBUIDOR 		t= 116.70	DISTRIBUIDOR: recibi un pedido= 3	 --)
(-- lambda DISTRIBUIDOR 		t= 116.70	DISTRIBUIDOR: envio un 3 al ascensor 1	 --)
(-- dext TABLERO 			t= 116.70	TABLERO: recibi un pedido= 3	 --) 
(-- lambda ASCENSOR 		t= 117.56	ASCENSOR: llegue al piso= 6, h: 8.00, est= 0 	 --) 
(-- dext CONTROLADOR 		t= 117.56	CONTROLADOR: el asensor mando un= 6 	 --) 
(-- dint ASCENSOR 			t= 117.56	ASCENSOR: voy a seguir subiendo,h= 10.00, sigma= 2.00 	 --) 
(-- lambda ASCENSOR 		t= 119.56	ASCENSOR: llegue al piso= 7, h: 10.00, est= 0 	 --) 
(-- dext CONTROLADOR 		t= 119.56	CONTROLADOR: el asensor mando un= 7 	 --) 
(-- dint ASCENSOR 			t= 119.56	ASCENSOR: voy a seguir subiendo,h= 12.00, sigma= 2.00 	 --) 
(-- lambda ASCENSOR 		t= 121.56	ASCENSOR: llegue al piso= 8, h: 12.00, est= 0 	 --) 
(-- dext CONTROLADOR 		t= 121.56	CONTROLADOR: el asensor mando un= 8 	 --) 
(-- dint ASCENSOR 			t= 121.56	ASCENSOR: voy a seguir subiendo,h= 14.00, sigma= 2.00 	 --) 
(-- lambda ASCENSOR 		t= 123.56	ASCENSOR: llegue al piso= 9, h: 14.00, est= 0 	 --) 
(-- dext CONTROLADOR 		t= 123.56	CONTROLADOR: el asensor mando un= 9 - llego al destino 	 --) 
(-- dint ASCENSOR 			t= 123.56	ASCENSOR: voy a seguir subiendo,h= 16.00, sigma= 2.00 	 --) 
(-- lambda CONTROLADOR 		t= 123.56	CONTROLADOR: mando al ascensor= 2	 --) 
(-- dext ASCENSOR 			t= 123.56	ASCENSOR: me llego una orden= 2
t= 123.56	ASCENSOR: estado: est= 5, h= 16.00, sigma= 0.00 	 --) 
(-- dint CONTROLADOR 		t= 123.56	CONTROLADOR: envie un 2 al ascensor 	 --)
(-- lambda CONTROLADOR 		t= 123.56	CONTROLADOR: mando al tablero= 3	 --) 
(-- dext TABLERO 			t= 123.56	TABLERO: el controlador me mando un= 3. La cola es= [ 3 -  ]	 --) 
(-- dint CONTROLADOR 		t= 123.56	CONTROLADOR: envie un 3 al tablero 	 --)
(-- lambda ASCENSOR 			 --) 
(-- dext CONTROLADOR 		t= 123.56	CONTROLADOR: el asensor mando un= 9 	 --) 
(-- dint ASCENSOR 			t= 123.56	ASCENSOR: voy a descansar,h= 16.00, sigma= 100000000000000000000.00 	 --) 
(-- lambda TABLERO 			t= 123.56	TABLERO: mando un pedido al controlador= 3	 --) 
(-- dext CONTROLADOR 		t= 123.56	CONTROLADOR: el tablero mando un= 3 	 --) 
(-- dint TABLERO 			 --) 
(-- lambda CONTROLADOR 		t= 123.56	CONTROLADOR: mando al ascensor= 1	 --) 
(-- dext ASCENSOR 			t= 123.56	ASCENSOR: me llego una orden= 1
t= 123.56	ASCENSOR: estado: est= 1, h= 16.00, sigma= 2.00 	 --) 
(-- dint CONTROLADOR 		t= 123.56	CONTROLADOR: envie un 1 al ascensor 	 --)
(-- lambda CONTROLADOR 		t= 123.56	CONTROLADOR: mando al tablero= 4	 --) 
(-- dext TABLERO 			t= 123.56	TABLERO: el controlador me mando un= 4	 --) 
(-- dint CONTROLADOR 		t= 123.56	CONTROLADOR: envie un 4 al tablero 	 --)
(-- lambda ASCENSOR 		t= 125.56	ASCENSOR: llegue al piso= 8, h: 16.00, est= 1 	 --) 
(-- dext CONTROLADOR 		t= 125.56	CONTROLADOR: el asensor mando un= 8 	 --) 
(-- dint ASCENSOR 			t= 125.56	ASCENSOR: voy a seguir bajando,h= 14.00, sigma= 2.00 	 --) 
t= 126.23	GENERADOR: Va un pedido= 9
(-- dext DISTRIBUIDOR 		t= 126.23	DISTRIBUIDOR: recibi un pedido= 9	 --)
(-- lambda DISTRIBUIDOR 		t= 126.23	DISTRIBUIDOR: envio un 9 al ascensor 0	 --)
(-- dext TABLERO 			t= 126.23	TABLERO: recibi un pedido= 9	 --) 
(-- lambda TABLERO 			t= 126.23	TABLERO: mando un pedido al controlador= 9	 --) 
(-- dext CONTROLADOR 		t= 126.23	CONTROLADOR: el tablero mando un= 9 	 --) 
(-- dint TABLERO 			 --) 
(-- lambda CONTROLADOR 		t= 126.23	CONTROLADOR: mando al ascensor= 0	 --) 
(-- dext ASCENSOR 			t= 126.23	ASCENSOR: me llego una orden= 0
t= 126.23	ASCENSOR: estado: est= 0, h= 6.00, sigma= 2.00 	 --) 
(-- dint CONTROLADOR 		t= 126.23	CONTROLADOR: envie un 0 al ascensor 	 --)
(-- lambda CONTROLADOR 		t= 126.23	CONTROLADOR: mando al tablero= 4	 --) 
(-- dext TABLERO 			t= 126.23	TABLERO: el controlador me mando un= 4	 --) 
(-- dint CONTROLADOR 		t= 126.23	CONTROLADOR: envie un 4 al tablero 	 --)
(-- lambda ASCENSOR 		t= 127.56	ASCENSOR: llegue al piso= 7, h: 14.00, est= 1 	 --) 
(-- dext CONTROLADOR 		t= 127.56	CONTROLADOR: el asensor mando un= 7 	 --) 
(-- dint ASCENSOR 			t= 127.56	ASCENSOR: voy a seguir bajando,h= 12.00, sigma= 2.00 	 --) 
(-- lambda ASCENSOR 		t= 128.23	ASCENSOR: llegue al piso= 5, h: 6.00, est= 0 	 --) 
(-- dext CONTROLADOR 		t= 128.23	CONTROLADOR: el asensor mando un= 5 	 --) 
(-- dint ASCENSOR 			t= 128.23	ASCENSOR: voy a seguir subiendo,h= 8.00, sigma= 2.00 	 --) 
(-- lambda ASCENSOR 		t= 129.56	ASCENSOR: llegue al piso= 6, h: 12.00, est= 1 	 --) 
(-- dext CONTROLADOR 		t= 129.56	CONTROLADOR: el asensor mando un= 6 	 --) 
(-- dint ASCENSOR 			t= 129.56	ASCENSOR: voy a seguir bajando,h= 10.00, sigma= 2.00 	 --) 
(-- lambda ASCENSOR 		t= 130.23	ASCENSOR: llegue al piso= 6, h: 8.00, est= 0 	 --) 
(-- dext CONTROLADOR 		t= 130.23	CONTROLADOR: el asensor mando un= 6 	 --) 
(-- dint ASCENSOR 			t= 130.23	ASCENSOR: voy a seguir subiendo,h= 10.00, sigma= 2.00 	 --) 
(-- lambda ASCENSOR 		t= 131.56	ASCENSOR: llegue al piso= 5, h: 10.00, est= 1 	 --) 
(-- dext CONTROLADOR 		t= 131.56	CONTROLADOR: el asensor mando un= 5 	 --) 
(-- dint ASCENSOR 			t= 131.56	ASCENSOR: voy a seguir bajando,h= 8.00, sigma= 2.00 	 --) 
(-- lambda ASCENSOR 		t= 132.23	ASCENSOR: llegue al piso= 7, h: 10.00, est= 0 	 --) 
(-- dext CONTROLADOR 		t= 132.23	CONTROLADOR: el asensor mando un= 7 	 --) 
(-- dint ASCENSOR 			t= 132.23	ASCENSOR: voy a seguir subiendo,h= 12.00, sigma= 2.00 	 --) 
(-- lambda ASCENSOR 		t= 133.56	ASCENSOR: llegue al piso= 4, h: 8.00, est= 1 	 --) 
(-- dext CONTROLADOR 		t= 133.56	CONTROLADOR: el asensor mando un= 4 	 --) 
(-- dint ASCENSOR 			t= 133.56	ASCENSOR: voy a seguir bajando,h= 6.00, sigma= 2.00 	 --) 
(-- lambda ASCENSOR 		t= 134.23	ASCENSOR: llegue al piso= 8, h: 12.00, est= 0 	 --) 
(-- dext CONTROLADOR 		t= 134.23	CONTROLADOR: el asensor mando un= 8 	 --) 
(-- dint ASCENSOR 			t= 134.23	ASCENSOR: voy a seguir subiendo,h= 14.00, sigma= 2.00 	 --) 
(-- lambda ASCENSOR 		t= 135.56	ASCENSOR: llegue al piso= 3, h: 6.00, est= 1 	 --) 
(-- dext CONTROLADOR 		t= 135.56	CONTROLADOR: el asensor mando un= 3 - llego al destino 	 --) 
(-- dint ASCENSOR 			t= 135.56	ASCENSOR: voy a seguir bajando,h= 4.00, sigma= 2.00 	 --) 
(-- lambda CONTROLADOR 		t= 135.56	CONTROLADOR: mando al ascensor= 2	 --) 
(-- dext ASCENSOR 			t= 135.56	ASCENSOR: me llego una orden= 2
t= 135.56	ASCENSOR: estado: est= 6, h= 4.00, sigma= 0.00 	 --) 
(-- dint CONTROLADOR 		t= 135.56	CONTROLADOR: envie un 2 al ascensor 	 --)
(-- lambda CONTROLADOR 		t= 135.56	CONTROLADOR: mando al tablero= 3	 --) 
(-- dext TABLERO 			t= 135.56	TABLERO: el controlador me mando un= 3. La cola esta vacia	 --) 
(-- dint CONTROLADOR 		t= 135.56	CONTROLADOR: envie un 3 al tablero 	 --)
(-- lambda ASCENSOR 			 --) 
(-- dext CONTROLADOR 		t= 135.56	CONTROLADOR: el asensor mando un= 3 	 --) 
(-- dint ASCENSOR 			t= 135.56	ASCENSOR: descansar,h= 4.00, sigma= 100000000000000000000.00 	 --) 
(-- lambda ASCENSOR 		t= 136.23	ASCENSOR: llegue al piso= 9, h: 14.00, est= 0 	 --) 
(-- dext CONTROLADOR 		t= 136.23	CONTROLADOR: el asensor mando un= 9 - llego al destino 	 --) 
(-- dint ASCENSOR 			t= 136.23	ASCENSOR: voy a seguir subiendo,h= 16.00, sigma= 2.00 	 --) 
(-- lambda CONTROLADOR 		t= 136.23	CONTROLADOR: mando al ascensor= 2	 --) 
(-- dext ASCENSOR 			t= 136.23	ASCENSOR: me llego una orden= 2
t= 136.23	ASCENSOR: estado: est= 5, h= 16.00, sigma= 0.00 	 --) 
(-- dint CONTROLADOR 		t= 136.23	CONTROLADOR: envie un 2 al ascensor 	 --)
(-- lambda CONTROLADOR 		t= 136.23	CONTROLADOR: mando al tablero= 3	 --) 
(-- dext TABLERO 			t= 136.23	TABLERO: el controlador me mando un= 3. La cola esta vacia	 --) 
(-- dint CONTROLADOR 		t= 136.23	CONTROLADOR: envie un 3 al tablero 	 --)
(-- lambda ASCENSOR 			 --) 
(-- dext CONTROLADOR 		t= 136.23	CONTROLADOR: el asensor mando un= 9 	 --) 
(-- dint ASCENSOR 			t= 136.23	ASCENSOR: voy a descansar,h= 16.00, sigma= 100000000000000000000.00 	 --) 
t= 152.69	GENERADOR: Va un pedido= 7
(-- dext DISTRIBUIDOR 		t= 152.69	DISTRIBUIDOR: recibi un pedido= 7	 --)
(-- lambda DISTRIBUIDOR 		t= 152.69	DISTRIBUIDOR: envio un 7 al ascensor 1	 --)
(-- dext TABLERO 			t= 152.69	TABLERO: recibi un pedido= 7	 --) 
(-- lambda TABLERO 			t= 152.69	TABLERO: mando un pedido al controlador= 7	 --) 
(-- dext CONTROLADOR 		t= 152.69	CONTROLADOR: el tablero mando un= 7 	 --) 
(-- dint TABLERO 			 --) 
(-- lambda CONTROLADOR 		t= 152.69	CONTROLADOR: mando al ascensor= 0	 --) 
(-- dext ASCENSOR 			t= 152.69	ASCENSOR: me llego una orden= 0
t= 152.69	ASCENSOR: estado: est= 0, h= 4.00, sigma= 2.00 	 --) 
(-- dint CONTROLADOR 		t= 152.69	CONTROLADOR: envie un 0 al ascensor 	 --)
(-- lambda CONTROLADOR 		t= 152.69	CONTROLADOR: mando al tablero= 4	 --) 
(-- dext TABLERO 			t= 152.69	TABLERO: el controlador me mando un= 4	 --) 
(-- dint CONTROLADOR 		t= 152.69	CONTROLADOR: envie un 4 al tablero 	 --)
(-- lambda ASCENSOR 		t= 154.69	ASCENSOR: llegue al piso= 4, h: 4.00, est= 0 	 --) 
(-- dext CONTROLADOR 		t= 154.69	CONTROLADOR: el asensor mando un= 4 	 --) 
(-- dint ASCENSOR 			t= 154.69	ASCENSOR: voy a seguir subiendo,h= 6.00, sigma= 2.00 	 --) 
(-- lambda ASCENSOR 		t= 156.69	ASCENSOR: llegue al piso= 5, h: 6.00, est= 0 	 --) 
(-- dext CONTROLADOR 		t= 156.69	CONTROLADOR: el asensor mando un= 5 	 --) 
(-- dint ASCENSOR 			t= 156.69	ASCENSOR: voy a seguir subiendo,h= 8.00, sigma= 2.00 	 --) 
t= 157.77	GENERADOR: Va un pedido= 5
(-- dext DISTRIBUIDOR 		t= 157.77	DISTRIBUIDOR: recibi un pedido= 5	 --)
(-- lambda DISTRIBUIDOR 		t= 157.77	DISTRIBUIDOR: envio un 5 al ascensor 0	 --)
(-- dext TABLERO 			t= 157.77	TABLERO: recibi un pedido= 5	 --) 
(-- lambda TABLERO 			t= 157.77	TABLERO: mando un pedido al controlador= 5	 --) 
(-- dext CONTROLADOR 		t= 157.77	CONTROLADOR: el tablero mando un= 5 	 --) 
(-- dint TABLERO 			 --) 
(-- lambda CONTROLADOR 		t= 157.77	CONTROLADOR: mando al ascensor= 1	 --) 
(-- dext ASCENSOR 			t= 157.77	ASCENSOR: me llego una orden= 1
t= 157.77	ASCENSOR: estado: est= 1, h= 16.00, sigma= 2.00 	 --) 
(-- dint CONTROLADOR 		t= 157.77	CONTROLADOR: envie un 1 al ascensor 	 --)
(-- lambda CONTROLADOR 		t= 157.77	CONTROLADOR: mando al tablero= 4	 --) 
(-- dext TABLERO 			t= 157.77	TABLERO: el controlador me mando un= 4	 --) 
(-- dint CONTROLADOR 		t= 157.77	CONTROLADOR: envie un 4 al tablero 	 --)
(-- lambda ASCENSOR 		t= 158.69	ASCENSOR: llegue al piso= 6, h: 8.00, est= 0 	 --) 
(-- dext CONTROLADOR 		t= 158.69	CONTROLADOR: el asensor mando un= 6 	 --) 
(-- dint ASCENSOR 			t= 158.69	ASCENSOR: voy a seguir subiendo,h= 10.00, sigma= 2.00 	 --) 
(-- lambda ASCENSOR 		t= 159.77	ASCENSOR: llegue al piso= 8, h: 16.00, est= 1 	 --) 
(-- dext CONTROLADOR 		t= 159.77	CONTROLADOR: el asensor mando un= 8 	 --) 
(-- dint ASCENSOR 			t= 159.77	ASCENSOR: voy a seguir bajando,h= 14.00, sigma= 2.00 	 --) 
(-- lambda ASCENSOR 		t= 160.69	ASCENSOR: llegue al piso= 7, h: 10.00, est= 0 	 --) 
(-- dext CONTROLADOR 		t= 160.69	CONTROLADOR: el asensor mando un= 7 - llego al destino 	 --) 
(-- dint ASCENSOR 			t= 160.69	ASCENSOR: voy a seguir subiendo,h= 12.00, sigma= 2.00 	 --) 
(-- lambda CONTROLADOR 		t= 160.69	CONTROLADOR: mando al ascensor= 2	 --) 
(-- dext ASCENSOR 			t= 160.69	ASCENSOR: me llego una orden= 2
t= 160.69	ASCENSOR: estado: est= 5, h= 12.00, sigma= 0.00 	 --) 
(-- dint CONTROLADOR 		t= 160.69	CONTROLADOR: envie un 2 al ascensor 	 --)
(-- lambda CONTROLADOR 		t= 160.69	CONTROLADOR: mando al tablero= 3	 --) 
(-- dext TABLERO 			t= 160.69	TABLERO: el controlador me mando un= 3. La cola esta vacia	 --) 
(-- dint CONTROLADOR 		t= 160.69	CONTROLADOR: envie un 3 al tablero 	 --)
(-- lambda ASCENSOR 			 --) 
(-- dext CONTROLADOR 		t= 160.69	CONTROLADOR: el asensor mando un= 7 	 --) 
(-- dint ASCENSOR 			t= 160.69	ASCENSOR: voy a descansar,h= 12.00, sigma= 100000000000000000000.00 	 --) 
(-- lambda ASCENSOR 		t= 161.77	ASCENSOR: llegue al piso= 7, h: 14.00, est= 1 	 --) 
(-- dext CONTROLADOR 		t= 161.77	CONTROLADOR: el asensor mando un= 7 	 --) 
(-- dint ASCENSOR 			t= 161.77	ASCENSOR: voy a seguir bajando,h= 12.00, sigma= 2.00 	 --) 
(-- lambda ASCENSOR 		t= 163.77	ASCENSOR: llegue al piso= 6, h: 12.00, est= 1 	 --) 
(-- dext CONTROLADOR 		t= 163.77	CONTROLADOR: el asensor mando un= 6 	 --) 
(-- dint ASCENSOR 			t= 163.77	ASCENSOR: voy a seguir bajando,h= 10.00, sigma= 2.00 	 --) 
(-- lambda ASCENSOR 		t= 165.77	ASCENSOR: llegue al piso= 5, h: 10.00, est= 1 	 --) 
(-- dext CONTROLADOR 		t= 165.77	CONTROLADOR: el asensor mando un= 5 - llego al destino 	 --) 
(-- dint ASCENSOR 			t= 165.77	ASCENSOR: voy a seguir bajando,h= 8.00, sigma= 2.00 	 --) 
(-- lambda CONTROLADOR 		t= 165.77	CONTROLADOR: mando al ascensor= 2	 --) 
(-- dext ASCENSOR 			t= 165.77	ASCENSOR: me llego una orden= 2
t= 165.77	ASCENSOR: estado: est= 6, h= 8.00, sigma= 0.00 	 --) 
(-- dint CONTROLADOR 		t= 165.77	CONTROLADOR: envie un 2 al ascensor 	 --)
(-- lambda CONTROLADOR 		t= 165.77	CONTROLADOR: mando al tablero= 3	 --) 
(-- dext TABLERO 			t= 165.77	TABLERO: el controlador me mando un= 3. La cola esta vacia	 --) 
(-- dint CONTROLADOR 		t= 165.77	CONTROLADOR: envie un 3 al tablero 	 --)
(-- lambda ASCENSOR 			 --) 
(-- dext CONTROLADOR 		t= 165.77	CONTROLADOR: el asensor mando un= 5 	 --) 
(-- dint ASCENSOR 			t= 165.77	ASCENSOR: descansar,h= 8.00, sigma= 100000000000000000000.00 	 --) 
t= 166.29	GENERADOR: Va un pedido= 1
(-- dext DISTRIBUIDOR 		t= 166.29	DISTRIBUIDOR: recibi un pedido= 1	 --)
(-- lambda DISTRIBUIDOR 		t= 166.29	DISTRIBUIDOR: envio un 1 al ascensor 1	 --)
(-- dext TABLERO 			t= 166.29	TABLERO: recibi un pedido= 1	 --) 
(-- lambda TABLERO 			t= 166.29	TABLERO: mando un pedido al controlador= 1	 --) 
(-- dext CONTROLADOR 		t= 166.29	CONTROLADOR: el tablero mando un= 1 	 --) 
(-- dint TABLERO 			 --) 
(-- lambda CONTROLADOR 		t= 166.29	CONTROLADOR: mando al ascensor= 1	 --) 
(-- dext ASCENSOR 			t= 166.29	ASCENSOR: me llego una orden= 1
t= 166.29	ASCENSOR: estado: est= 1, h= 12.00, sigma= 2.00 	 --) 
(-- dint CONTROLADOR 		t= 166.29	CONTROLADOR: envie un 1 al ascensor 	 --)
(-- lambda CONTROLADOR 		t= 166.29	CONTROLADOR: mando al tablero= 4	 --) 
(-- dext TABLERO 			t= 166.29	TABLERO: el controlador me mando un= 4	 --) 
(-- dint CONTROLADOR 		t= 166.29	CONTROLADOR: envie un 4 al tablero 	 --)
(-- lambda ASCENSOR 		t= 168.29	ASCENSOR: llegue al piso= 6, h: 12.00, est= 1 	 --) 
(-- dext CONTROLADOR 		t= 168.29	CONTROLADOR: el asensor mando un= 6 	 --) 
(-- dint ASCENSOR 			t= 168.29	ASCENSOR: voy a seguir bajando,h= 10.00, sigma= 2.00 	 --) 
t= 168.95	GENERADOR: Va un pedido= 8
(-- dext DISTRIBUIDOR 		t= 168.95	DISTRIBUIDOR: recibi un pedido= 8	 --)
(-- lambda DISTRIBUIDOR 		t= 168.95	DISTRIBUIDOR: envio un 8 al ascensor 0	 --)
(-- dext TABLERO 			t= 168.95	TABLERO: recibi un pedido= 8	 --) 
(-- lambda TABLERO 			t= 168.95	TABLERO: mando un pedido al controlador= 8	 --) 
(-- dext CONTROLADOR 		t= 168.95	CONTROLADOR: el tablero mando un= 8 	 --) 
(-- dint TABLERO 			 --) 
(-- lambda CONTROLADOR 		t= 168.95	CONTROLADOR: mando al ascensor= 0	 --) 
(-- dext ASCENSOR 			t= 168.95	ASCENSOR: me llego una orden= 0
t= 168.95	ASCENSOR: estado: est= 0, h= 8.00, sigma= 2.00 	 --) 
(-- dint CONTROLADOR 		t= 168.95	CONTROLADOR: envie un 0 al ascensor 	 --)
(-- lambda CONTROLADOR 		t= 168.95	CONTROLADOR: mando al tablero= 4	 --) 
(-- dext TABLERO 			t= 168.95	TABLERO: el controlador me mando un= 4	 --) 
(-- dint CONTROLADOR 		t= 168.95	CONTROLADOR: envie un 4 al tablero 	 --)
(-- lambda ASCENSOR 		t= 170.29	ASCENSOR: llegue al piso= 5, h: 10.00, est= 1 	 --) 
(-- dext CONTROLADOR 		t= 170.29	CONTROLADOR: el asensor mando un= 5 	 --) 
(-- dint ASCENSOR 			t= 170.29	ASCENSOR: voy a seguir bajando,h= 8.00, sigma= 2.00 	 --) 
(-- lambda ASCENSOR 		t= 170.95	ASCENSOR: llegue al piso= 6, h: 8.00, est= 0 	 --) 
(-- dext CONTROLADOR 		t= 170.95	CONTROLADOR: el asensor mando un= 6 	 --) 
(-- dint ASCENSOR 			t= 170.95	ASCENSOR: voy a seguir subiendo,h= 10.00, sigma= 2.00 	 --) 
(-- lambda ASCENSOR 		t= 172.29	ASCENSOR: llegue al piso= 4, h: 8.00, est= 1 	 --) 
(-- dext CONTROLADOR 		t= 172.29	CONTROLADOR: el asensor mando un= 4 	 --) 
(-- dint ASCENSOR 			t= 172.29	ASCENSOR: voy a seguir bajando,h= 6.00, sigma= 2.00 	 --) 
(-- lambda ASCENSOR 		t= 172.95	ASCENSOR: llegue al piso= 7, h: 10.00, est= 0 	 --) 
(-- dext CONTROLADOR 		t= 172.95	CONTROLADOR: el asensor mando un= 7 	 --) 
(-- dint ASCENSOR 			t= 172.95	ASCENSOR: voy a seguir subiendo,h= 12.00, sigma= 2.00 	 --) 
(-- lambda ASCENSOR 		t= 174.29	ASCENSOR: llegue al piso= 3, h: 6.00, est= 1 	 --) 
(-- dext CONTROLADOR 		t= 174.29	CONTROLADOR: el asensor mando un= 3 	 --) 
(-- dint ASCENSOR 			t= 174.29	ASCENSOR: voy a seguir bajando,h= 4.00, sigma= 2.00 	 --) 
(-- lambda ASCENSOR 		t= 174.95	ASCENSOR: llegue al piso= 8, h: 12.00, est= 0 	 --) 
(-- dext CONTROLADOR 		t= 174.95	CONTROLADOR: el asensor mando un= 8 - llego al destino 	 --) 
(-- dint ASCENSOR 			t= 174.95	ASCENSOR: voy a seguir subiendo,h= 14.00, sigma= 2.00 	 --) 
(-- lambda CONTROLADOR 		t= 174.95	CONTROLADOR: mando al ascensor= 2	 --) 
(-- dext ASCENSOR 			t= 174.95	ASCENSOR: me llego una orden= 2
t= 174.95	ASCENSOR: estado: est= 5, h= 14.00, sigma= 0.00 	 --) 
(-- dint CONTROLADOR 		t= 174.95	CONTROLADOR: envie un 2 al ascensor 	 --)
(-- lambda CONTROLADOR 		t= 174.95	CONTROLADOR: mando al tablero= 3	 --) 
(-- dext TABLERO 			t= 174.95	TABLERO: el controlador me mando un= 3. La cola esta vacia	 --) 
(-- dint CONTROLADOR 		t= 174.95	CONTROLADOR: envie un 3 al tablero 	 --)
(-- lambda ASCENSOR 			 --) 
(-- dext CONTROLADOR 		t= 174.95	CONTROLADOR: el asensor mando un= 8 	 --) 
(-- dint ASCENSOR 			t= 174.95	ASCENSOR: voy a descansar,h= 14.00, sigma= 100000000000000000000.00 	 --) 
(-- lambda ASCENSOR 		t= 176.29	ASCENSOR: llegue al piso= 2, h: 4.00, est= 1 	 --) 
(-- dext CONTROLADOR 		t= 176.29	CONTROLADOR: el asensor mando un= 2 	 --) 
(-- dint ASCENSOR 			t= 176.29	ASCENSOR: voy a seguir bajando,h= 2.00, sigma= 2.00 	 --) 
(-- lambda ASCENSOR 		t= 178.29	ASCENSOR: llegue al piso= 1, h: 2.00, est= 1 	 --) 
(-- dext CONTROLADOR 		t= 178.29	CONTROLADOR: el asensor mando un= 1 - llego al destino 	 --) 
(-- dint ASCENSOR 			t= 178.29	ASCENSOR: voy a seguir bajando,h= 0.00, sigma= 2.00 	 --) 
(-- lambda CONTROLADOR 		t= 178.29	CONTROLADOR: mando al ascensor= 2	 --) 
(-- dext ASCENSOR 			t= 178.29	ASCENSOR: me llego una orden= 2
t= 178.29	ASCENSOR: estado: est= 6, h= 0.00, sigma= 0.00 	 --) 
(-- dint CONTROLADOR 		t= 178.29	CONTROLADOR: envie un 2 al ascensor 	 --)
(-- lambda CONTROLADOR 		t= 178.29	CONTROLADOR: mando al tablero= 3	 --) 
(-- dext TABLERO 			t= 178.29	TABLERO: el controlador me mando un= 3. La cola esta vacia	 --) 
(-- dint CONTROLADOR 		t= 178.29	CONTROLADOR: envie un 3 al tablero 	 --)
(-- lambda ASCENSOR 			 --) 
(-- dext CONTROLADOR 		t= 178.29	CONTROLADOR: el asensor mando un= 1 	 --) 
(-- dint ASCENSOR 			t= 178.29	ASCENSOR: descansar,h= 0.00, sigma= 100000000000000000000.00 	 --) 
Simulation Ended (0.049 sec)
